<?xml version="1.0" encoding="UTF-8"?>
<!-- Generated by org.testng.reporters.JUnitXMLReporter -->
<testsuite ignored="0" hostname="DESKTOP-SEE9OFQ" failures="2" tests="2" name="test6" time="27.184" errors="0" timestamp="2025-07-28T11:12:34 IST">
  <testcase classname="com.tripgain.trainScripts.TCT_12_VerifySearchFunctionalityForTrainsForTenDays" name="myTest" time="10.406">
    <failure type="java.lang.AssertionError" message="null">
      <![CDATA[java.lang.AssertionError: null
at com.tripgain.trainScripts.TCT_12_VerifySearchFunctionalityForTrainsForTenDays.myTest(TCT_12_VerifySearchFunctionalityForTrainsForTenDays.java:196)
at java.base/java.util.ArrayList.forEach(ArrayList.java:1596)
at java.base/java.util.concurrent.FutureTask.run(FutureTask.java:317)
at java.base/java.util.concurrent.ThreadPoolExecutor.runWorker(ThreadPoolExecutor.java:1144)
at java.base/java.util.concurrent.ThreadPoolExecutor$Worker.run(ThreadPoolExecutor.java:642)
at java.base/java.lang.Thread.run(Thread.java:1583)
... Removed 17 stack frames]]>
    </failure>
  </testcase> <!-- myTest -->
  <testcase classname="com.tripgain.trainScripts.TCT_12_VerifySearchFunctionalityForTrainsForTenDays" name="myTest" time="10.318">
    <failure type="java.lang.AssertionError" message="null">
      <![CDATA[java.lang.AssertionError: null
at com.tripgain.trainScripts.TCT_12_VerifySearchFunctionalityForTrainsForTenDays.myTest(TCT_12_VerifySearchFunctionalityForTrainsForTenDays.java:196)
at java.base/java.util.ArrayList.forEach(ArrayList.java:1596)
at java.base/java.util.concurrent.FutureTask.run(FutureTask.java:317)
at java.base/java.util.concurrent.ThreadPoolExecutor.runWorker(ThreadPoolExecutor.java:1144)
at java.base/java.util.concurrent.ThreadPoolExecutor$Worker.run(ThreadPoolExecutor.java:642)
at java.base/java.lang.Thread.run(Thread.java:1583)
... Removed 17 stack frames]]>
    </failure>
  </testcase> <!-- myTest -->
</testsuite> <!-- test6 -->
