<?xml version="1.0" encoding="UTF-8"?>
<testng-results ignored="0" total="16" passed="12" failed="4" skipped="0">
  <reporter-output>
  </reporter-output>
  <suite started-at="2025-07-14T12:16:38 IST" name="Suite" finished-at="2025-07-14T12:43:14 IST" duration-ms="1596239">
    <groups>
    </groups>
    <test started-at="2025-07-14T12:16:38 IST" name="test" finished-at="2025-07-14T12:16:38 IST" duration-ms="12">
    </test> <!-- test -->
    <test started-at="2025-07-14T12:16:38 IST" name="test4" finished-at="2025-07-14T12:16:38 IST" duration-ms="12">
    </test> <!-- test4 -->
    <test started-at="2025-07-14T12:16:38 IST" name="test3" finished-at="2025-07-14T12:16:38 IST" duration-ms="12">
    </test> <!-- test3 -->
    <test started-at="2025-07-14T12:16:38 IST" name="test1" finished-at="2025-07-14T12:16:38 IST" duration-ms="12">
    </test> <!-- test1 -->
    <test started-at="2025-07-14T12:16:38 IST" name="test5" finished-at="2025-07-14T12:16:38 IST" duration-ms="2">
    </test> <!-- test5 -->
    <test started-at="2025-07-14T12:16:38 IST" name="test2" finished-at="2025-07-14T12:43:14 IST" duration-ms="1596239">
      <class name="com.tripgain.roundtriptestscripts.TCRT_02_VerifySearchFunctionalityForRoundTripForDomesticTwoDays">
        <test-method is-config="true" signature="launchApplication(java.lang.String,java.lang.reflect.Method,[Ljava.lang.Object;)[pri:0, instance:com.tripgain.roundtriptestscripts.TCRT_02_VerifySearchFunctionalityForRoundTripForDomesticTwoDays@574b560f]" started-at="2025-07-14T12:22:23 IST" name="launchApplication" finished-at="2025-07-14T12:22:25 IST" duration-ms="1753" status="PASS">
          <params>
            <param index="0">
              <value>
                <![CDATA[chrome]]>
              </value>
            </param>
            <param index="1">
              <value>
                <![CDATA[public void com.tripgain.roundtriptestscripts.TCRT_02_VerifySearchFunctionalityForRoundTripForDomesticTwoDays.myTest(java.util.Map) throws java.lang.InterruptedException,java.io.IOException]]>
              </value>
            </param>
            <param index="2">
              <value>
                <![CDATA[[Ljava.lang.Object;@1da2cb77]]>
              </value>
            </param>
          </params>
          <reporter-output>
          </reporter-output>
        </test-method> <!-- launchApplication -->
        <test-method signature="myTest(java.util.Map)[pri:0, instance:com.tripgain.roundtriptestscripts.TCRT_02_VerifySearchFunctionalityForRoundTripForDomesticTwoDays@574b560f]" started-at="2025-07-14T12:22:25 IST" name="myTest" data-provider="sheetBasedData" finished-at="2025-07-14T12:24:15 IST" duration-ms="110392" status="FAIL">
          <params>
            <param index="0">
              <value>
                <![CDATA[{Origin=BLR, Destination=HYD, SelectFromViewFlightIndex=1, UserName=testtraveller98@tripgain.com, SelectToFlightIndex=1, URL=https://v3.tripgain.com/login, Reason=Better Flight Time, FairType=Saver, TestRun=, Class=Business, Adults=1, SelectFromFlightIndex=1, Password=@AM@TGA1$29TN}]]>
              </value>
            </param>
          </params>
          <exception class="java.lang.AssertionError">
            <message>
              <![CDATA[Exception in searchFlightsOnHomePage: Expected condition failed: waiting for visibility of element located by By.className: tg-sort-owcarrier (tried for 80 second(s) with 500 milliseconds interval)
Build info: version: '4.29.0', revision: '5fc1ec94cb'
System info: os.name: 'Windows 11', os.arch: 'amd64', os.version: '10.0', java.version: '23.0.2'
Driver info: org.openqa.selenium.chrome.ChromeDriver
Capabilities {acceptInsecureCerts: false, browserName: chrome, browserVersion: 138.0.7204.97, chrome: {chromedriverVersion: 138.0.7204.94 (545025748884..., userDataDir: C:\Users\HP\AppData\Local\T...}, fedcm:accounts: true, goog:chromeOptions: {debuggerAddress: localhost:58124}, networkConnectionEnabled: false, pageLoadStrategy: normal, platformName: windows, proxy: Proxy(), se:cdp: ws://localhost:58124/devtoo..., se:cdpVersion: 138.0.7204.97, setWindowRect: true, strictFileInteractability: false, timeouts: {implicit: 0, pageLoad: 300000, script: 30000}, unhandledPromptBehavior: dismiss and notify, webauthn:extension:credBlob: true, webauthn:extension:largeBlob: true, webauthn:extension:minPinLength: true, webauthn:extension:prf: true, webauthn:virtualAuthenticators: true}
Session ID: 2d82cd691cea58645a059ad833959ae5]]>
            </message>
            <full-stacktrace>
              <![CDATA[java.lang.AssertionError: Exception in searchFlightsOnHomePage: Expected condition failed: waiting for visibility of element located by By.className: tg-sort-owcarrier (tried for 80 second(s) with 500 milliseconds interval)
Build info: version: '4.29.0', revision: '5fc1ec94cb'
System info: os.name: 'Windows 11', os.arch: 'amd64', os.version: '10.0', java.version: '23.0.2'
Driver info: org.openqa.selenium.chrome.ChromeDriver
Capabilities {acceptInsecureCerts: false, browserName: chrome, browserVersion: 138.0.7204.97, chrome: {chromedriverVersion: 138.0.7204.94 (545025748884..., userDataDir: C:\Users\HP\AppData\Local\T...}, fedcm:accounts: true, goog:chromeOptions: {debuggerAddress: localhost:58124}, networkConnectionEnabled: false, pageLoadStrategy: normal, platformName: windows, proxy: Proxy(), se:cdp: ws://localhost:58124/devtoo..., se:cdpVersion: 138.0.7204.97, setWindowRect: true, strictFileInteractability: false, timeouts: {implicit: 0, pageLoad: 300000, script: 30000}, unhandledPromptBehavior: dismiss and notify, webauthn:extension:credBlob: true, webauthn:extension:largeBlob: true, webauthn:extension:minPinLength: true, webauthn:extension:prf: true, webauthn:virtualAuthenticators: true}
Session ID: 2d82cd691cea58645a059ad833959ae5
at org.testng.Assert.fail(Assert.java:111)
at com.tripgain.collectionofpages.Tripgain_homepage.searchFlightsOnHomePageForRoundTripForDomestic(Tripgain_homepage.java:686)
at com.tripgain.roundtriptestscripts.TCRT_02_VerifySearchFunctionalityForRoundTripForDomesticTwoDays.myTest(TCRT_02_VerifySearchFunctionalityForRoundTripForDomesticTwoDays.java:71)
at java.base/jdk.internal.reflect.DirectMethodHandleAccessor.invoke(DirectMethodHandleAccessor.java:103)
at java.base/java.lang.reflect.Method.invoke(Method.java:580)
at org.testng.internal.invokers.MethodInvocationHelper.invokeMethod(MethodInvocationHelper.java:141)
at org.testng.internal.invokers.TestInvoker.invokeMethod(TestInvoker.java:687)
at org.testng.internal.invokers.TestInvoker.invokeTestMethod(TestInvoker.java:230)
at org.testng.internal.invokers.MethodRunner.runInSequence(MethodRunner.java:63)
at org.testng.internal.invokers.TestInvoker$MethodInvocationAgent.invoke(TestInvoker.java:995)
at org.testng.internal.invokers.TestInvoker.invokeTestMethods(TestInvoker.java:203)
at org.testng.internal.invokers.TestMethodWorker.invokeTestMethods(TestMethodWorker.java:154)
at org.testng.internal.invokers.TestMethodWorker.run(TestMethodWorker.java:134)
at java.base/java.util.ArrayList.forEach(ArrayList.java:1597)
at org.testng.TestRunner.privateRun(TestRunner.java:741)
at org.testng.TestRunner.run(TestRunner.java:616)
at org.testng.SuiteRunner.runTest(SuiteRunner.java:421)
at org.testng.SuiteRunner$SuiteWorker.run(SuiteRunner.java:463)
at org.testng.internal.thread.ThreadUtil.lambda$execute$0(ThreadUtil.java:64)
at java.base/java.util.concurrent.FutureTask.run(FutureTask.java:317)
at java.base/java.util.concurrent.ThreadPoolExecutor.runWorker(ThreadPoolExecutor.java:1144)
at java.base/java.util.concurrent.ThreadPoolExecutor$Worker.run(ThreadPoolExecutor.java:642)
at java.base/java.lang.Thread.run(Thread.java:1575)
]]>
            </full-stacktrace>
          </exception> <!-- java.lang.AssertionError -->
          <reporter-output>
          </reporter-output>
        </test-method> <!-- myTest -->
        <test-method is-config="true" signature="tearDown()[pri:0, instance:com.tripgain.roundtriptestscripts.TCRT_02_VerifySearchFunctionalityForRoundTripForDomesticTwoDays@574b560f]" started-at="2025-07-14T12:24:15 IST" name="tearDown" finished-at="2025-07-14T12:24:15 IST" duration-ms="356" status="PASS">
          <reporter-output>
          </reporter-output>
        </test-method> <!-- tearDown -->
        <test-method is-config="true" signature="launchApplication(java.lang.String,java.lang.reflect.Method,[Ljava.lang.Object;)[pri:0, instance:com.tripgain.roundtriptestscripts.TCRT_02_VerifySearchFunctionalityForRoundTripForDomesticTwoDays@574b560f]" started-at="2025-07-14T12:24:15 IST" name="launchApplication" finished-at="2025-07-14T12:24:17 IST" duration-ms="1634" status="PASS">
          <params>
            <param index="0">
              <value>
                <![CDATA[chrome]]>
              </value>
            </param>
            <param index="1">
              <value>
                <![CDATA[public void com.tripgain.roundtriptestscripts.TCRT_02_VerifySearchFunctionalityForRoundTripForDomesticTwoDays.myTest(java.util.Map) throws java.lang.InterruptedException,java.io.IOException]]>
              </value>
            </param>
            <param index="2">
              <value>
                <![CDATA[[Ljava.lang.Object;@48f278eb]]>
              </value>
            </param>
          </params>
          <reporter-output>
          </reporter-output>
        </test-method> <!-- launchApplication -->
        <test-method signature="myTest(java.util.Map)[pri:0, instance:com.tripgain.roundtriptestscripts.TCRT_02_VerifySearchFunctionalityForRoundTripForDomesticTwoDays@574b560f]" started-at="2025-07-14T12:24:17 IST" name="myTest" data-provider="sheetBasedData" finished-at="2025-07-14T12:25:22 IST" duration-ms="65028" status="PASS">
          <params>
            <param index="0">
              <value>
                <![CDATA[{Origin=BLR, Destination=BOM, SelectFromViewFlightIndex=1, UserName=testtraveller98@tripgain.com, SelectToFlightIndex=1, URL=https://v3.tripgain.com/login, Reason=Better Flight Time, FairType=Saver, TestRun=, Class=Economy, Adults=1, SelectFromFlightIndex=1, Password=@AM@TGA1$29TN}]]>
              </value>
            </param>
          </params>
          <reporter-output>
          </reporter-output>
        </test-method> <!-- myTest -->
        <test-method is-config="true" signature="tearDown()[pri:0, instance:com.tripgain.roundtriptestscripts.TCRT_02_VerifySearchFunctionalityForRoundTripForDomesticTwoDays@574b560f]" started-at="2025-07-14T12:25:22 IST" name="tearDown" finished-at="2025-07-14T12:25:22 IST" duration-ms="342" status="PASS">
          <reporter-output>
          </reporter-output>
        </test-method> <!-- tearDown -->
        <test-method is-config="true" signature="launchApplication(java.lang.String,java.lang.reflect.Method,[Ljava.lang.Object;)[pri:0, instance:com.tripgain.roundtriptestscripts.TCRT_02_VerifySearchFunctionalityForRoundTripForDomesticTwoDays@574b560f]" started-at="2025-07-14T12:25:22 IST" name="launchApplication" finished-at="2025-07-14T12:25:24 IST" duration-ms="1666" status="PASS">
          <params>
            <param index="0">
              <value>
                <![CDATA[chrome]]>
              </value>
            </param>
            <param index="1">
              <value>
                <![CDATA[public void com.tripgain.roundtriptestscripts.TCRT_02_VerifySearchFunctionalityForRoundTripForDomesticTwoDays.myTest(java.util.Map) throws java.lang.InterruptedException,java.io.IOException]]>
              </value>
            </param>
            <param index="2">
              <value>
                <![CDATA[[Ljava.lang.Object;@2f217633]]>
              </value>
            </param>
          </params>
          <reporter-output>
          </reporter-output>
        </test-method> <!-- launchApplication -->
        <test-method signature="myTest(java.util.Map)[pri:0, instance:com.tripgain.roundtriptestscripts.TCRT_02_VerifySearchFunctionalityForRoundTripForDomesticTwoDays@574b560f]" started-at="2025-07-14T12:25:24 IST" name="myTest" data-provider="sheetBasedData" finished-at="2025-07-14T12:27:14 IST" duration-ms="110218" status="FAIL">
          <params>
            <param index="0">
              <value>
                <![CDATA[{Origin=BLR, Destination=CCU, SelectFromViewFlightIndex=1, UserName=testtraveller98@tripgain.com, SelectToFlightIndex=1, URL=https://v3.tripgain.com/login, Reason=Better Flight Time, FairType=Saver, TestRun=, Class=First Class, Adults=1, SelectFromFlightIndex=1, Password=@AM@TGA1$29TN}]]>
              </value>
            </param>
          </params>
          <exception class="java.lang.AssertionError">
            <message>
              <![CDATA[Exception in searchFlightsOnHomePage: Expected condition failed: waiting for visibility of element located by By.className: tg-sort-owcarrier (tried for 80 second(s) with 500 milliseconds interval)
Build info: version: '4.29.0', revision: '5fc1ec94cb'
System info: os.name: 'Windows 11', os.arch: 'amd64', os.version: '10.0', java.version: '23.0.2'
Driver info: org.openqa.selenium.chrome.ChromeDriver
Capabilities {acceptInsecureCerts: false, browserName: chrome, browserVersion: 138.0.7204.97, chrome: {chromedriverVersion: 138.0.7204.94 (545025748884..., userDataDir: C:\Users\HP\AppData\Local\T...}, fedcm:accounts: true, goog:chromeOptions: {debuggerAddress: localhost:58333}, networkConnectionEnabled: false, pageLoadStrategy: normal, platformName: windows, proxy: Proxy(), se:cdp: ws://localhost:58333/devtoo..., se:cdpVersion: 138.0.7204.97, setWindowRect: true, strictFileInteractability: false, timeouts: {implicit: 0, pageLoad: 300000, script: 30000}, unhandledPromptBehavior: dismiss and notify, webauthn:extension:credBlob: true, webauthn:extension:largeBlob: true, webauthn:extension:minPinLength: true, webauthn:extension:prf: true, webauthn:virtualAuthenticators: true}
Session ID: 5750c9c4e210736adc1124a767fe5eff]]>
            </message>
            <full-stacktrace>
              <![CDATA[java.lang.AssertionError: Exception in searchFlightsOnHomePage: Expected condition failed: waiting for visibility of element located by By.className: tg-sort-owcarrier (tried for 80 second(s) with 500 milliseconds interval)
Build info: version: '4.29.0', revision: '5fc1ec94cb'
System info: os.name: 'Windows 11', os.arch: 'amd64', os.version: '10.0', java.version: '23.0.2'
Driver info: org.openqa.selenium.chrome.ChromeDriver
Capabilities {acceptInsecureCerts: false, browserName: chrome, browserVersion: 138.0.7204.97, chrome: {chromedriverVersion: 138.0.7204.94 (545025748884..., userDataDir: C:\Users\HP\AppData\Local\T...}, fedcm:accounts: true, goog:chromeOptions: {debuggerAddress: localhost:58333}, networkConnectionEnabled: false, pageLoadStrategy: normal, platformName: windows, proxy: Proxy(), se:cdp: ws://localhost:58333/devtoo..., se:cdpVersion: 138.0.7204.97, setWindowRect: true, strictFileInteractability: false, timeouts: {implicit: 0, pageLoad: 300000, script: 30000}, unhandledPromptBehavior: dismiss and notify, webauthn:extension:credBlob: true, webauthn:extension:largeBlob: true, webauthn:extension:minPinLength: true, webauthn:extension:prf: true, webauthn:virtualAuthenticators: true}
Session ID: 5750c9c4e210736adc1124a767fe5eff
at org.testng.Assert.fail(Assert.java:111)
at com.tripgain.collectionofpages.Tripgain_homepage.searchFlightsOnHomePageForRoundTripForDomestic(Tripgain_homepage.java:686)
at com.tripgain.roundtriptestscripts.TCRT_02_VerifySearchFunctionalityForRoundTripForDomesticTwoDays.myTest(TCRT_02_VerifySearchFunctionalityForRoundTripForDomesticTwoDays.java:71)
at java.base/jdk.internal.reflect.DirectMethodHandleAccessor.invoke(DirectMethodHandleAccessor.java:103)
at java.base/java.lang.reflect.Method.invoke(Method.java:580)
at org.testng.internal.invokers.MethodInvocationHelper.invokeMethod(MethodInvocationHelper.java:141)
at org.testng.internal.invokers.TestInvoker.invokeMethod(TestInvoker.java:687)
at org.testng.internal.invokers.TestInvoker.invokeTestMethod(TestInvoker.java:230)
at org.testng.internal.invokers.MethodRunner.runInSequence(MethodRunner.java:63)
at org.testng.internal.invokers.TestInvoker$MethodInvocationAgent.invoke(TestInvoker.java:995)
at org.testng.internal.invokers.TestInvoker.invokeTestMethods(TestInvoker.java:203)
at org.testng.internal.invokers.TestMethodWorker.invokeTestMethods(TestMethodWorker.java:154)
at org.testng.internal.invokers.TestMethodWorker.run(TestMethodWorker.java:134)
at java.base/java.util.ArrayList.forEach(ArrayList.java:1597)
at org.testng.TestRunner.privateRun(TestRunner.java:741)
at org.testng.TestRunner.run(TestRunner.java:616)
at org.testng.SuiteRunner.runTest(SuiteRunner.java:421)
at org.testng.SuiteRunner$SuiteWorker.run(SuiteRunner.java:463)
at org.testng.internal.thread.ThreadUtil.lambda$execute$0(ThreadUtil.java:64)
at java.base/java.util.concurrent.FutureTask.run(FutureTask.java:317)
at java.base/java.util.concurrent.ThreadPoolExecutor.runWorker(ThreadPoolExecutor.java:1144)
at java.base/java.util.concurrent.ThreadPoolExecutor$Worker.run(ThreadPoolExecutor.java:642)
at java.base/java.lang.Thread.run(Thread.java:1575)
]]>
            </full-stacktrace>
          </exception> <!-- java.lang.AssertionError -->
          <reporter-output>
          </reporter-output>
        </test-method> <!-- myTest -->
        <test-method is-config="true" signature="tearDown()[pri:0, instance:com.tripgain.roundtriptestscripts.TCRT_02_VerifySearchFunctionalityForRoundTripForDomesticTwoDays@574b560f]" started-at="2025-07-14T12:27:14 IST" name="tearDown" finished-at="2025-07-14T12:27:15 IST" duration-ms="337" status="PASS">
          <reporter-output>
          </reporter-output>
        </test-method> <!-- tearDown -->
        <test-method is-config="true" signature="launchApplication(java.lang.String,java.lang.reflect.Method,[Ljava.lang.Object;)[pri:0, instance:com.tripgain.roundtriptestscripts.TCRT_02_VerifySearchFunctionalityForRoundTripForDomesticTwoDays@574b560f]" started-at="2025-07-14T12:27:15 IST" name="launchApplication" finished-at="2025-07-14T12:27:16 IST" duration-ms="1751" status="PASS">
          <params>
            <param index="0">
              <value>
                <![CDATA[chrome]]>
              </value>
            </param>
            <param index="1">
              <value>
                <![CDATA[public void com.tripgain.roundtriptestscripts.TCRT_02_VerifySearchFunctionalityForRoundTripForDomesticTwoDays.myTest(java.util.Map) throws java.lang.InterruptedException,java.io.IOException]]>
              </value>
            </param>
            <param index="2">
              <value>
                <![CDATA[[Ljava.lang.Object;@a530d0a]]>
              </value>
            </param>
          </params>
          <reporter-output>
          </reporter-output>
        </test-method> <!-- launchApplication -->
        <test-method signature="myTest(java.util.Map)[pri:0, instance:com.tripgain.roundtriptestscripts.TCRT_02_VerifySearchFunctionalityForRoundTripForDomesticTwoDays@574b560f]" started-at="2025-07-14T12:27:16 IST" name="myTest" data-provider="sheetBasedData" finished-at="2025-07-14T12:28:17 IST" duration-ms="61011" status="PASS">
          <params>
            <param index="0">
              <value>
                <![CDATA[{Origin=HYD, Destination=MAA, SelectFromViewFlightIndex=1, UserName=testtraveller98@tripgain.com, SelectToFlightIndex=1, URL=https://v3.tripgain.com/login, Reason=Better Flight Time, FairType=Saver, TestRun=, Class=Premium Economy, Adults=1, SelectFromFlightIndex=1, Password=@AM@TGA1$29TN}]]>
              </value>
            </param>
          </params>
          <reporter-output>
          </reporter-output>
        </test-method> <!-- myTest -->
        <test-method is-config="true" signature="tearDown()[pri:0, instance:com.tripgain.roundtriptestscripts.TCRT_02_VerifySearchFunctionalityForRoundTripForDomesticTwoDays@574b560f]" started-at="2025-07-14T12:28:17 IST" name="tearDown" finished-at="2025-07-14T12:28:18 IST" duration-ms="331" status="PASS">
          <reporter-output>
          </reporter-output>
        </test-method> <!-- tearDown -->
      </class> <!-- com.tripgain.roundtriptestscripts.TCRT_02_VerifySearchFunctionalityForRoundTripForDomesticTwoDays -->
      <class name="com.tripgain.roundtriptestscripts.TCRT_03_VerifySearchFunctionalityForRoundTripForInternationalFiveDays">
        <test-method is-config="true" signature="launchApplication(java.lang.String,java.lang.reflect.Method,[Ljava.lang.Object;)[pri:0, instance:com.tripgain.roundtriptestscripts.TCRT_03_VerifySearchFunctionalityForRoundTripForInternationalFiveDays@ba54932]" started-at="2025-07-14T12:28:18 IST" name="launchApplication" finished-at="2025-07-14T12:28:20 IST" duration-ms="1884" status="PASS">
          <params>
            <param index="0">
              <value>
                <![CDATA[chrome]]>
              </value>
            </param>
            <param index="1">
              <value>
                <![CDATA[public void com.tripgain.roundtriptestscripts.TCRT_03_VerifySearchFunctionalityForRoundTripForInternationalFiveDays.myTest(java.util.Map) throws java.lang.InterruptedException,java.io.IOException]]>
              </value>
            </param>
            <param index="2">
              <value>
                <![CDATA[[Ljava.lang.Object;@1a18644]]>
              </value>
            </param>
          </params>
          <reporter-output>
          </reporter-output>
        </test-method> <!-- launchApplication -->
        <test-method signature="myTest(java.util.Map)[pri:0, instance:com.tripgain.roundtriptestscripts.TCRT_03_VerifySearchFunctionalityForRoundTripForInternationalFiveDays@ba54932]" started-at="2025-07-14T12:28:20 IST" name="myTest" data-provider="sheetBasedData" finished-at="2025-07-14T12:30:28 IST" duration-ms="127977" status="PASS">
          <params>
            <param index="0">
              <value>
                <![CDATA[{Origin=BLR, Destination=HKG, UserName=testtraveller98@tripgain.com, FlightIndex=1, FairType=Saver, TestRun=, Class=Business, Adults=1, URL=https://v3.tripgain.com/login, Reason=Better Flight Time, Password=@AM@TGA1$29TN}]]>
              </value>
            </param>
          </params>
          <reporter-output>
          </reporter-output>
        </test-method> <!-- myTest -->
        <test-method is-config="true" signature="tearDown()[pri:0, instance:com.tripgain.roundtriptestscripts.TCRT_03_VerifySearchFunctionalityForRoundTripForInternationalFiveDays@ba54932]" started-at="2025-07-14T12:30:28 IST" name="tearDown" finished-at="2025-07-14T12:30:28 IST" duration-ms="326" status="PASS">
          <reporter-output>
          </reporter-output>
        </test-method> <!-- tearDown -->
        <test-method is-config="true" signature="launchApplication(java.lang.String,java.lang.reflect.Method,[Ljava.lang.Object;)[pri:0, instance:com.tripgain.roundtriptestscripts.TCRT_03_VerifySearchFunctionalityForRoundTripForInternationalFiveDays@ba54932]" started-at="2025-07-14T12:30:28 IST" name="launchApplication" finished-at="2025-07-14T12:30:30 IST" duration-ms="1671" status="PASS">
          <params>
            <param index="0">
              <value>
                <![CDATA[chrome]]>
              </value>
            </param>
            <param index="1">
              <value>
                <![CDATA[public void com.tripgain.roundtriptestscripts.TCRT_03_VerifySearchFunctionalityForRoundTripForInternationalFiveDays.myTest(java.util.Map) throws java.lang.InterruptedException,java.io.IOException]]>
              </value>
            </param>
            <param index="2">
              <value>
                <![CDATA[[Ljava.lang.Object;@5acf93bb]]>
              </value>
            </param>
          </params>
          <reporter-output>
          </reporter-output>
        </test-method> <!-- launchApplication -->
        <test-method signature="myTest(java.util.Map)[pri:0, instance:com.tripgain.roundtriptestscripts.TCRT_03_VerifySearchFunctionalityForRoundTripForInternationalFiveDays@ba54932]" started-at="2025-07-14T12:30:30 IST" name="myTest" data-provider="sheetBasedData" finished-at="2025-07-14T12:32:20 IST" duration-ms="110084" status="PASS">
          <params>
            <param index="0">
              <value>
                <![CDATA[{Origin=BLR, Destination=DUR, UserName=testtraveller98@tripgain.com, FlightIndex=1, FairType=Saver, TestRun=, Class=Economy, Adults=1, URL=https://v3.tripgain.com/login, Reason=Better Flight Time, Password=@AM@TGA1$29TN}]]>
              </value>
            </param>
          </params>
          <reporter-output>
          </reporter-output>
        </test-method> <!-- myTest -->
        <test-method is-config="true" signature="tearDown()[pri:0, instance:com.tripgain.roundtriptestscripts.TCRT_03_VerifySearchFunctionalityForRoundTripForInternationalFiveDays@ba54932]" started-at="2025-07-14T12:32:20 IST" name="tearDown" finished-at="2025-07-14T12:32:20 IST" duration-ms="377" status="PASS">
          <reporter-output>
          </reporter-output>
        </test-method> <!-- tearDown -->
        <test-method is-config="true" signature="launchApplication(java.lang.String,java.lang.reflect.Method,[Ljava.lang.Object;)[pri:0, instance:com.tripgain.roundtriptestscripts.TCRT_03_VerifySearchFunctionalityForRoundTripForInternationalFiveDays@ba54932]" started-at="2025-07-14T12:32:20 IST" name="launchApplication" finished-at="2025-07-14T12:32:22 IST" duration-ms="1674" status="PASS">
          <params>
            <param index="0">
              <value>
                <![CDATA[chrome]]>
              </value>
            </param>
            <param index="1">
              <value>
                <![CDATA[public void com.tripgain.roundtriptestscripts.TCRT_03_VerifySearchFunctionalityForRoundTripForInternationalFiveDays.myTest(java.util.Map) throws java.lang.InterruptedException,java.io.IOException]]>
              </value>
            </param>
            <param index="2">
              <value>
                <![CDATA[[Ljava.lang.Object;@7e7be63f]]>
              </value>
            </param>
          </params>
          <reporter-output>
          </reporter-output>
        </test-method> <!-- launchApplication -->
        <test-method signature="myTest(java.util.Map)[pri:0, instance:com.tripgain.roundtriptestscripts.TCRT_03_VerifySearchFunctionalityForRoundTripForInternationalFiveDays@ba54932]" started-at="2025-07-14T12:32:22 IST" name="myTest" data-provider="sheetBasedData" finished-at="2025-07-14T12:34:07 IST" duration-ms="105133" status="PASS">
          <params>
            <param index="0">
              <value>
                <![CDATA[{Origin=BLR, Destination=ORD, UserName=testtraveller98@tripgain.com, FlightIndex=1, FairType=Saver, TestRun=, Class=First Class, Adults=1, URL=https://v3.tripgain.com/login, Reason=Better Flight Time, Password=@AM@TGA1$29TN}]]>
              </value>
            </param>
          </params>
          <reporter-output>
          </reporter-output>
        </test-method> <!-- myTest -->
        <test-method is-config="true" signature="tearDown()[pri:0, instance:com.tripgain.roundtriptestscripts.TCRT_03_VerifySearchFunctionalityForRoundTripForInternationalFiveDays@ba54932]" started-at="2025-07-14T12:34:07 IST" name="tearDown" finished-at="2025-07-14T12:34:07 IST" duration-ms="368" status="PASS">
          <reporter-output>
          </reporter-output>
        </test-method> <!-- tearDown -->
        <test-method is-config="true" signature="launchApplication(java.lang.String,java.lang.reflect.Method,[Ljava.lang.Object;)[pri:0, instance:com.tripgain.roundtriptestscripts.TCRT_03_VerifySearchFunctionalityForRoundTripForInternationalFiveDays@ba54932]" started-at="2025-07-14T12:34:07 IST" name="launchApplication" finished-at="2025-07-14T12:34:09 IST" duration-ms="1876" status="PASS">
          <params>
            <param index="0">
              <value>
                <![CDATA[chrome]]>
              </value>
            </param>
            <param index="1">
              <value>
                <![CDATA[public void com.tripgain.roundtriptestscripts.TCRT_03_VerifySearchFunctionalityForRoundTripForInternationalFiveDays.myTest(java.util.Map) throws java.lang.InterruptedException,java.io.IOException]]>
              </value>
            </param>
            <param index="2">
              <value>
                <![CDATA[[Ljava.lang.Object;@6cd28fa7]]>
              </value>
            </param>
          </params>
          <reporter-output>
          </reporter-output>
        </test-method> <!-- launchApplication -->
        <test-method signature="myTest(java.util.Map)[pri:0, instance:com.tripgain.roundtriptestscripts.TCRT_03_VerifySearchFunctionalityForRoundTripForInternationalFiveDays@ba54932]" started-at="2025-07-14T12:34:09 IST" name="myTest" data-provider="sheetBasedData" finished-at="2025-07-14T12:35:51 IST" duration-ms="102271" status="PASS">
          <params>
            <param index="0">
              <value>
                <![CDATA[{Origin=BLR, Destination=NYC, UserName=testtraveller98@tripgain.com, FlightIndex=1, FairType=Saver, TestRun=, Class=Premium Economy, Adults=1, URL=https://v3.tripgain.com/login, Reason=Better Flight Time, Password=@AM@TGA1$29TN}]]>
              </value>
            </param>
          </params>
          <reporter-output>
          </reporter-output>
        </test-method> <!-- myTest -->
        <test-method is-config="true" signature="tearDown()[pri:0, instance:com.tripgain.roundtriptestscripts.TCRT_03_VerifySearchFunctionalityForRoundTripForInternationalFiveDays@ba54932]" started-at="2025-07-14T12:35:51 IST" name="tearDown" finished-at="2025-07-14T12:35:52 IST" duration-ms="324" status="PASS">
          <reporter-output>
          </reporter-output>
        </test-method> <!-- tearDown -->
      </class> <!-- com.tripgain.roundtriptestscripts.TCRT_03_VerifySearchFunctionalityForRoundTripForInternationalFiveDays -->
      <class name="com.tripgain.roundtriptestscripts.TCRT_01_VerifySearchFunctionalityForRoundTripForInternationalTwoDays">
        <test-method is-config="true" signature="launchApplication(java.lang.String,java.lang.reflect.Method,[Ljava.lang.Object;)[pri:0, instance:com.tripgain.roundtriptestscripts.TCRT_01_VerifySearchFunctionalityForRoundTripForInternationalTwoDays@28975c28]" started-at="2025-07-14T12:35:52 IST" name="launchApplication" finished-at="2025-07-14T12:35:53 IST" duration-ms="1672" status="PASS">
          <params>
            <param index="0">
              <value>
                <![CDATA[chrome]]>
              </value>
            </param>
            <param index="1">
              <value>
                <![CDATA[public void com.tripgain.roundtriptestscripts.TCRT_01_VerifySearchFunctionalityForRoundTripForInternationalTwoDays.myTest(java.util.Map) throws java.lang.InterruptedException,java.io.IOException]]>
              </value>
            </param>
            <param index="2">
              <value>
                <![CDATA[[Ljava.lang.Object;@614ca7df]]>
              </value>
            </param>
          </params>
          <reporter-output>
          </reporter-output>
        </test-method> <!-- launchApplication -->
        <test-method signature="myTest(java.util.Map)[pri:0, instance:com.tripgain.roundtriptestscripts.TCRT_01_VerifySearchFunctionalityForRoundTripForInternationalTwoDays@28975c28]" started-at="2025-07-14T12:35:53 IST" name="myTest" data-provider="sheetBasedData" finished-at="2025-07-14T12:37:23 IST" duration-ms="89417" status="FAIL">
          <params>
            <param index="0">
              <value>
                <![CDATA[{Origin=BLR, Destination=DXB, UserName=testtraveller98@tripgain.com, FlightIndex=1, FairType=Saver, TestRun=, Class=Business, Adults=1, URL=https://v3.tripgain.com/login, Reason=Better Flight Time, Password=@AM@TGA1$29TN}]]>
              </value>
            </param>
          </params>
          <exception class="java.lang.AssertionError">
            <message>
              <![CDATA[Exception in searchFlightsOnHomePage: Expected condition failed: waiting for visibility of element located by By.xpath: (//*[contains(@class,'tg-intl-departing')])[1] (tried for 60 second(s) with 500 milliseconds interval)
Build info: version: '4.29.0', revision: '5fc1ec94cb'
System info: os.name: 'Windows 11', os.arch: 'amd64', os.version: '10.0', java.version: '23.0.2'
Driver info: org.openqa.selenium.chrome.ChromeDriver
Capabilities {acceptInsecureCerts: false, browserName: chrome, browserVersion: 138.0.7204.97, chrome: {chromedriverVersion: 138.0.7204.94 (545025748884..., userDataDir: C:\Users\HP\AppData\Local\T...}, fedcm:accounts: true, goog:chromeOptions: {debuggerAddress: localhost:59004}, networkConnectionEnabled: false, pageLoadStrategy: normal, platformName: windows, proxy: Proxy(), se:cdp: ws://localhost:59004/devtoo..., se:cdpVersion: 138.0.7204.97, setWindowRect: true, strictFileInteractability: false, timeouts: {implicit: 0, pageLoad: 300000, script: 30000}, unhandledPromptBehavior: dismiss and notify, webauthn:extension:credBlob: true, webauthn:extension:largeBlob: true, webauthn:extension:minPinLength: true, webauthn:extension:prf: true, webauthn:virtualAuthenticators: true}
Session ID: 5a78f6cefb5d18577b6de13001b64440]]>
            </message>
            <full-stacktrace>
              <![CDATA[java.lang.AssertionError: Exception in searchFlightsOnHomePage: Expected condition failed: waiting for visibility of element located by By.xpath: (//*[contains(@class,'tg-intl-departing')])[1] (tried for 60 second(s) with 500 milliseconds interval)
Build info: version: '4.29.0', revision: '5fc1ec94cb'
System info: os.name: 'Windows 11', os.arch: 'amd64', os.version: '10.0', java.version: '23.0.2'
Driver info: org.openqa.selenium.chrome.ChromeDriver
Capabilities {acceptInsecureCerts: false, browserName: chrome, browserVersion: 138.0.7204.97, chrome: {chromedriverVersion: 138.0.7204.94 (545025748884..., userDataDir: C:\Users\HP\AppData\Local\T...}, fedcm:accounts: true, goog:chromeOptions: {debuggerAddress: localhost:59004}, networkConnectionEnabled: false, pageLoadStrategy: normal, platformName: windows, proxy: Proxy(), se:cdp: ws://localhost:59004/devtoo..., se:cdpVersion: 138.0.7204.97, setWindowRect: true, strictFileInteractability: false, timeouts: {implicit: 0, pageLoad: 300000, script: 30000}, unhandledPromptBehavior: dismiss and notify, webauthn:extension:credBlob: true, webauthn:extension:largeBlob: true, webauthn:extension:minPinLength: true, webauthn:extension:prf: true, webauthn:virtualAuthenticators: true}
Session ID: 5a78f6cefb5d18577b6de13001b64440
at org.testng.Assert.fail(Assert.java:111)
at com.tripgain.collectionofpages.Tripgain_homepage.searchFlightsOnHomePageForRoundTripForInternational(Tripgain_homepage.java:638)
at com.tripgain.roundtriptestscripts.TCRT_01_VerifySearchFunctionalityForRoundTripForInternationalTwoDays.myTest(TCRT_01_VerifySearchFunctionalityForRoundTripForInternationalTwoDays.java:69)
at java.base/jdk.internal.reflect.DirectMethodHandleAccessor.invoke(DirectMethodHandleAccessor.java:103)
at java.base/java.lang.reflect.Method.invoke(Method.java:580)
at org.testng.internal.invokers.MethodInvocationHelper.invokeMethod(MethodInvocationHelper.java:141)
at org.testng.internal.invokers.TestInvoker.invokeMethod(TestInvoker.java:687)
at org.testng.internal.invokers.TestInvoker.invokeTestMethod(TestInvoker.java:230)
at org.testng.internal.invokers.MethodRunner.runInSequence(MethodRunner.java:63)
at org.testng.internal.invokers.TestInvoker$MethodInvocationAgent.invoke(TestInvoker.java:995)
at org.testng.internal.invokers.TestInvoker.invokeTestMethods(TestInvoker.java:203)
at org.testng.internal.invokers.TestMethodWorker.invokeTestMethods(TestMethodWorker.java:154)
at org.testng.internal.invokers.TestMethodWorker.run(TestMethodWorker.java:134)
at java.base/java.util.ArrayList.forEach(ArrayList.java:1597)
at org.testng.TestRunner.privateRun(TestRunner.java:741)
at org.testng.TestRunner.run(TestRunner.java:616)
at org.testng.SuiteRunner.runTest(SuiteRunner.java:421)
at org.testng.SuiteRunner$SuiteWorker.run(SuiteRunner.java:463)
at org.testng.internal.thread.ThreadUtil.lambda$execute$0(ThreadUtil.java:64)
at java.base/java.util.concurrent.FutureTask.run(FutureTask.java:317)
at java.base/java.util.concurrent.ThreadPoolExecutor.runWorker(ThreadPoolExecutor.java:1144)
at java.base/java.util.concurrent.ThreadPoolExecutor$Worker.run(ThreadPoolExecutor.java:642)
at java.base/java.lang.Thread.run(Thread.java:1575)
]]>
            </full-stacktrace>
          </exception> <!-- java.lang.AssertionError -->
          <reporter-output>
          </reporter-output>
        </test-method> <!-- myTest -->
        <test-method is-config="true" signature="tearDown()[pri:0, instance:com.tripgain.roundtriptestscripts.TCRT_01_VerifySearchFunctionalityForRoundTripForInternationalTwoDays@28975c28]" started-at="2025-07-14T12:37:23 IST" name="tearDown" finished-at="2025-07-14T12:37:23 IST" duration-ms="381" status="PASS">
          <reporter-output>
          </reporter-output>
        </test-method> <!-- tearDown -->
        <test-method is-config="true" signature="launchApplication(java.lang.String,java.lang.reflect.Method,[Ljava.lang.Object;)[pri:0, instance:com.tripgain.roundtriptestscripts.TCRT_01_VerifySearchFunctionalityForRoundTripForInternationalTwoDays@28975c28]" started-at="2025-07-14T12:37:23 IST" name="launchApplication" finished-at="2025-07-14T12:37:25 IST" duration-ms="1819" status="PASS">
          <params>
            <param index="0">
              <value>
                <![CDATA[chrome]]>
              </value>
            </param>
            <param index="1">
              <value>
                <![CDATA[public void com.tripgain.roundtriptestscripts.TCRT_01_VerifySearchFunctionalityForRoundTripForInternationalTwoDays.myTest(java.util.Map) throws java.lang.InterruptedException,java.io.IOException]]>
              </value>
            </param>
            <param index="2">
              <value>
                <![CDATA[[Ljava.lang.Object;@4738a206]]>
              </value>
            </param>
          </params>
          <reporter-output>
          </reporter-output>
        </test-method> <!-- launchApplication -->
        <test-method signature="myTest(java.util.Map)[pri:0, instance:com.tripgain.roundtriptestscripts.TCRT_01_VerifySearchFunctionalityForRoundTripForInternationalTwoDays@28975c28]" started-at="2025-07-14T12:37:25 IST" name="myTest" data-provider="sheetBasedData" finished-at="2025-07-14T12:39:26 IST" duration-ms="121052" status="PASS">
          <params>
            <param index="0">
              <value>
                <![CDATA[{Origin=BLR, Destination=LHR, UserName=testtraveller98@tripgain.com, FlightIndex=1, FairType=Saver, TestRun=, Class=Economy, Adults=1, URL=https://v3.tripgain.com/login, Reason=Better Flight Time, Password=@AM@TGA1$29TN}]]>
              </value>
            </param>
          </params>
          <reporter-output>
          </reporter-output>
        </test-method> <!-- myTest -->
        <test-method is-config="true" signature="tearDown()[pri:0, instance:com.tripgain.roundtriptestscripts.TCRT_01_VerifySearchFunctionalityForRoundTripForInternationalTwoDays@28975c28]" started-at="2025-07-14T12:39:26 IST" name="tearDown" finished-at="2025-07-14T12:39:27 IST" duration-ms="343" status="PASS">
          <reporter-output>
          </reporter-output>
        </test-method> <!-- tearDown -->
        <test-method is-config="true" signature="launchApplication(java.lang.String,java.lang.reflect.Method,[Ljava.lang.Object;)[pri:0, instance:com.tripgain.roundtriptestscripts.TCRT_01_VerifySearchFunctionalityForRoundTripForInternationalTwoDays@28975c28]" started-at="2025-07-14T12:39:27 IST" name="launchApplication" finished-at="2025-07-14T12:39:28 IST" duration-ms="1723" status="PASS">
          <params>
            <param index="0">
              <value>
                <![CDATA[chrome]]>
              </value>
            </param>
            <param index="1">
              <value>
                <![CDATA[public void com.tripgain.roundtriptestscripts.TCRT_01_VerifySearchFunctionalityForRoundTripForInternationalTwoDays.myTest(java.util.Map) throws java.lang.InterruptedException,java.io.IOException]]>
              </value>
            </param>
            <param index="2">
              <value>
                <![CDATA[[Ljava.lang.Object;@66d3eec0]]>
              </value>
            </param>
          </params>
          <reporter-output>
          </reporter-output>
        </test-method> <!-- launchApplication -->
        <test-method signature="myTest(java.util.Map)[pri:0, instance:com.tripgain.roundtriptestscripts.TCRT_01_VerifySearchFunctionalityForRoundTripForInternationalTwoDays@28975c28]" started-at="2025-07-14T12:39:28 IST" name="myTest" data-provider="sheetBasedData" finished-at="2025-07-14T12:41:14 IST" duration-ms="105463" status="PASS">
          <params>
            <param index="0">
              <value>
                <![CDATA[{Origin=BLR, Destination=JFK, UserName=testtraveller98@tripgain.com, FlightIndex=1, FairType=Saver, TestRun=, Class=First Class, Adults=1, URL=https://v3.tripgain.com/login, Reason=Better Flight Time, Password=@AM@TGA1$29TN}]]>
              </value>
            </param>
          </params>
          <reporter-output>
          </reporter-output>
        </test-method> <!-- myTest -->
        <test-method is-config="true" signature="tearDown()[pri:0, instance:com.tripgain.roundtriptestscripts.TCRT_01_VerifySearchFunctionalityForRoundTripForInternationalTwoDays@28975c28]" started-at="2025-07-14T12:41:14 IST" name="tearDown" finished-at="2025-07-14T12:41:14 IST" duration-ms="383" status="PASS">
          <reporter-output>
          </reporter-output>
        </test-method> <!-- tearDown -->
        <test-method is-config="true" signature="launchApplication(java.lang.String,java.lang.reflect.Method,[Ljava.lang.Object;)[pri:0, instance:com.tripgain.roundtriptestscripts.TCRT_01_VerifySearchFunctionalityForRoundTripForInternationalTwoDays@28975c28]" started-at="2025-07-14T12:41:14 IST" name="launchApplication" finished-at="2025-07-14T12:41:16 IST" duration-ms="1752" status="PASS">
          <params>
            <param index="0">
              <value>
                <![CDATA[chrome]]>
              </value>
            </param>
            <param index="1">
              <value>
                <![CDATA[public void com.tripgain.roundtriptestscripts.TCRT_01_VerifySearchFunctionalityForRoundTripForInternationalTwoDays.myTest(java.util.Map) throws java.lang.InterruptedException,java.io.IOException]]>
              </value>
            </param>
            <param index="2">
              <value>
                <![CDATA[[Ljava.lang.Object;@1e04fa0a]]>
              </value>
            </param>
          </params>
          <reporter-output>
          </reporter-output>
        </test-method> <!-- launchApplication -->
        <test-method signature="myTest(java.util.Map)[pri:0, instance:com.tripgain.roundtriptestscripts.TCRT_01_VerifySearchFunctionalityForRoundTripForInternationalTwoDays@28975c28]" started-at="2025-07-14T12:41:16 IST" name="myTest" data-provider="sheetBasedData" finished-at="2025-07-14T12:43:14 IST" duration-ms="118041" status="PASS">
          <params>
            <param index="0">
              <value>
                <![CDATA[{Origin=BLR, Destination=SIN, UserName=testtraveller98@tripgain.com, FlightIndex=1, FairType=Saver, TestRun=, Class=Premium Economy, Adults=1, URL=https://v3.tripgain.com/login, Reason=Better Flight Time, Password=@AM@TGA1$29TN}]]>
              </value>
            </param>
          </params>
          <reporter-output>
          </reporter-output>
        </test-method> <!-- myTest -->
        <test-method is-config="true" signature="tearDown()[pri:0, instance:com.tripgain.roundtriptestscripts.TCRT_01_VerifySearchFunctionalityForRoundTripForInternationalTwoDays@28975c28]" started-at="2025-07-14T12:43:14 IST" name="tearDown" finished-at="2025-07-14T12:43:14 IST" duration-ms="371" status="PASS">
          <reporter-output>
          </reporter-output>
        </test-method> <!-- tearDown -->
      </class> <!-- com.tripgain.roundtriptestscripts.TCRT_01_VerifySearchFunctionalityForRoundTripForInternationalTwoDays -->
      <class name="com.tripgain.roundtriptestscripts.TCRT_04_VerifySearchFunctionalityForRoundTripForDomesticFiveDays">
        <test-method is-config="true" signature="launchApplication(java.lang.String,java.lang.reflect.Method,[Ljava.lang.Object;)[pri:0, instance:com.tripgain.roundtriptestscripts.TCRT_04_VerifySearchFunctionalityForRoundTripForDomesticFiveDays@2d2ffcb7]" started-at="2025-07-14T12:16:39 IST" name="launchApplication" finished-at="2025-07-14T12:16:42 IST" duration-ms="2746" status="PASS">
          <params>
            <param index="0">
              <value>
                <![CDATA[chrome]]>
              </value>
            </param>
            <param index="1">
              <value>
                <![CDATA[public void com.tripgain.roundtriptestscripts.TCRT_04_VerifySearchFunctionalityForRoundTripForDomesticFiveDays.myTest(java.util.Map) throws java.lang.InterruptedException,java.io.IOException]]>
              </value>
            </param>
            <param index="2">
              <value>
                <![CDATA[[Ljava.lang.Object;@6283d8b8]]>
              </value>
            </param>
          </params>
          <reporter-output>
          </reporter-output>
        </test-method> <!-- launchApplication -->
        <test-method signature="myTest(java.util.Map)[pri:0, instance:com.tripgain.roundtriptestscripts.TCRT_04_VerifySearchFunctionalityForRoundTripForDomesticFiveDays@2d2ffcb7]" started-at="2025-07-14T12:16:42 IST" name="myTest" data-provider="sheetBasedData" finished-at="2025-07-14T12:17:45 IST" duration-ms="62907" status="PASS">
          <params>
            <param index="0">
              <value>
                <![CDATA[{Origin=CCU, Destination=HYD, SelectFromViewFlightIndex=1, UserName=testtraveller98@tripgain.com, SelectToFlightIndex=1, URL=https://v3.tripgain.com/login, Reason=Better Flight Time, FairType=Saver, TestRun=, Class=Business, Adults=1, SelectFromFlightIndex=1, Password=@AM@TGA1$29TN}]]>
              </value>
            </param>
          </params>
          <reporter-output>
          </reporter-output>
        </test-method> <!-- myTest -->
        <test-method is-config="true" signature="tearDown()[pri:0, instance:com.tripgain.roundtriptestscripts.TCRT_04_VerifySearchFunctionalityForRoundTripForDomesticFiveDays@2d2ffcb7]" started-at="2025-07-14T12:17:45 IST" name="tearDown" finished-at="2025-07-14T12:17:45 IST" duration-ms="828" status="PASS">
          <reporter-output>
          </reporter-output>
        </test-method> <!-- tearDown -->
        <test-method is-config="true" signature="launchApplication(java.lang.String,java.lang.reflect.Method,[Ljava.lang.Object;)[pri:0, instance:com.tripgain.roundtriptestscripts.TCRT_04_VerifySearchFunctionalityForRoundTripForDomesticFiveDays@2d2ffcb7]" started-at="2025-07-14T12:17:45 IST" name="launchApplication" finished-at="2025-07-14T12:17:48 IST" duration-ms="2464" status="PASS">
          <params>
            <param index="0">
              <value>
                <![CDATA[chrome]]>
              </value>
            </param>
            <param index="1">
              <value>
                <![CDATA[public void com.tripgain.roundtriptestscripts.TCRT_04_VerifySearchFunctionalityForRoundTripForDomesticFiveDays.myTest(java.util.Map) throws java.lang.InterruptedException,java.io.IOException]]>
              </value>
            </param>
            <param index="2">
              <value>
                <![CDATA[[Ljava.lang.Object;@3b6ddd1d]]>
              </value>
            </param>
          </params>
          <reporter-output>
          </reporter-output>
        </test-method> <!-- launchApplication -->
        <test-method signature="myTest(java.util.Map)[pri:0, instance:com.tripgain.roundtriptestscripts.TCRT_04_VerifySearchFunctionalityForRoundTripForDomesticFiveDays@2d2ffcb7]" started-at="2025-07-14T12:17:48 IST" name="myTest" data-provider="sheetBasedData" finished-at="2025-07-14T12:19:17 IST" duration-ms="89235" status="PASS">
          <params>
            <param index="0">
              <value>
                <![CDATA[{Origin=HYD, Destination=BOM, SelectFromViewFlightIndex=1, UserName=testtraveller98@tripgain.com, SelectToFlightIndex=1, URL=https://v3.tripgain.com/login, Reason=Better Flight Time, FairType=Saver, TestRun=, Class=Economy, Adults=1, SelectFromFlightIndex=1, Password=@AM@TGA1$29TN}]]>
              </value>
            </param>
          </params>
          <reporter-output>
          </reporter-output>
        </test-method> <!-- myTest -->
        <test-method is-config="true" signature="tearDown()[pri:0, instance:com.tripgain.roundtriptestscripts.TCRT_04_VerifySearchFunctionalityForRoundTripForDomesticFiveDays@2d2ffcb7]" started-at="2025-07-14T12:19:17 IST" name="tearDown" finished-at="2025-07-14T12:19:17 IST" duration-ms="247" status="PASS">
          <reporter-output>
          </reporter-output>
        </test-method> <!-- tearDown -->
        <test-method is-config="true" signature="launchApplication(java.lang.String,java.lang.reflect.Method,[Ljava.lang.Object;)[pri:0, instance:com.tripgain.roundtriptestscripts.TCRT_04_VerifySearchFunctionalityForRoundTripForDomesticFiveDays@2d2ffcb7]" started-at="2025-07-14T12:19:17 IST" name="launchApplication" finished-at="2025-07-14T12:19:19 IST" duration-ms="1721" status="PASS">
          <params>
            <param index="0">
              <value>
                <![CDATA[chrome]]>
              </value>
            </param>
            <param index="1">
              <value>
                <![CDATA[public void com.tripgain.roundtriptestscripts.TCRT_04_VerifySearchFunctionalityForRoundTripForDomesticFiveDays.myTest(java.util.Map) throws java.lang.InterruptedException,java.io.IOException]]>
              </value>
            </param>
            <param index="2">
              <value>
                <![CDATA[[Ljava.lang.Object;@3f6b0be5]]>
              </value>
            </param>
          </params>
          <reporter-output>
          </reporter-output>
        </test-method> <!-- launchApplication -->
        <test-method signature="myTest(java.util.Map)[pri:0, instance:com.tripgain.roundtriptestscripts.TCRT_04_VerifySearchFunctionalityForRoundTripForDomesticFiveDays@2d2ffcb7]" started-at="2025-07-14T12:19:19 IST" name="myTest" data-provider="sheetBasedData" finished-at="2025-07-14T12:21:13 IST" duration-ms="113726" status="FAIL">
          <params>
            <param index="0">
              <value>
                <![CDATA[{Origin=HYD, Destination=CCU, SelectFromViewFlightIndex=1, UserName=testtraveller98@tripgain.com, SelectToFlightIndex=1, URL=https://v3.tripgain.com/login, Reason=Better Flight Time, FairType=Saver, TestRun=, Class=First Class, Adults=1, SelectFromFlightIndex=1, Password=@AM@TGA1$29TN}]]>
              </value>
            </param>
          </params>
          <exception class="java.lang.AssertionError">
            <message>
              <![CDATA[Exception in searchFlightsOnHomePage: Expected condition failed: waiting for visibility of element located by By.className: tg-sort-owcarrier (tried for 80 second(s) with 500 milliseconds interval)
Build info: version: '4.29.0', revision: '5fc1ec94cb'
System info: os.name: 'Windows 11', os.arch: 'amd64', os.version: '10.0', java.version: '23.0.2'
Driver info: org.openqa.selenium.chrome.ChromeDriver
Capabilities {acceptInsecureCerts: false, browserName: chrome, browserVersion: 138.0.7204.97, chrome: {chromedriverVersion: 138.0.7204.94 (545025748884..., userDataDir: C:\Users\HP\AppData\Local\T...}, fedcm:accounts: true, goog:chromeOptions: {debuggerAddress: localhost:57921}, networkConnectionEnabled: false, pageLoadStrategy: normal, platformName: windows, proxy: Proxy(), se:cdp: ws://localhost:57921/devtoo..., se:cdpVersion: 138.0.7204.97, setWindowRect: true, strictFileInteractability: false, timeouts: {implicit: 0, pageLoad: 300000, script: 30000}, unhandledPromptBehavior: dismiss and notify, webauthn:extension:credBlob: true, webauthn:extension:largeBlob: true, webauthn:extension:minPinLength: true, webauthn:extension:prf: true, webauthn:virtualAuthenticators: true}
Session ID: 6bf42110be610e0b2418c33e21189a0c]]>
            </message>
            <full-stacktrace>
              <![CDATA[java.lang.AssertionError: Exception in searchFlightsOnHomePage: Expected condition failed: waiting for visibility of element located by By.className: tg-sort-owcarrier (tried for 80 second(s) with 500 milliseconds interval)
Build info: version: '4.29.0', revision: '5fc1ec94cb'
System info: os.name: 'Windows 11', os.arch: 'amd64', os.version: '10.0', java.version: '23.0.2'
Driver info: org.openqa.selenium.chrome.ChromeDriver
Capabilities {acceptInsecureCerts: false, browserName: chrome, browserVersion: 138.0.7204.97, chrome: {chromedriverVersion: 138.0.7204.94 (545025748884..., userDataDir: C:\Users\HP\AppData\Local\T...}, fedcm:accounts: true, goog:chromeOptions: {debuggerAddress: localhost:57921}, networkConnectionEnabled: false, pageLoadStrategy: normal, platformName: windows, proxy: Proxy(), se:cdp: ws://localhost:57921/devtoo..., se:cdpVersion: 138.0.7204.97, setWindowRect: true, strictFileInteractability: false, timeouts: {implicit: 0, pageLoad: 300000, script: 30000}, unhandledPromptBehavior: dismiss and notify, webauthn:extension:credBlob: true, webauthn:extension:largeBlob: true, webauthn:extension:minPinLength: true, webauthn:extension:prf: true, webauthn:virtualAuthenticators: true}
Session ID: 6bf42110be610e0b2418c33e21189a0c
at org.testng.Assert.fail(Assert.java:111)
at com.tripgain.collectionofpages.Tripgain_homepage.searchFlightsOnHomePageForRoundTripForDomestic(Tripgain_homepage.java:686)
at com.tripgain.roundtriptestscripts.TCRT_04_VerifySearchFunctionalityForRoundTripForDomesticFiveDays.myTest(TCRT_04_VerifySearchFunctionalityForRoundTripForDomesticFiveDays.java:71)
at java.base/jdk.internal.reflect.DirectMethodHandleAccessor.invoke(DirectMethodHandleAccessor.java:103)
at java.base/java.lang.reflect.Method.invoke(Method.java:580)
at org.testng.internal.invokers.MethodInvocationHelper.invokeMethod(MethodInvocationHelper.java:141)
at org.testng.internal.invokers.TestInvoker.invokeMethod(TestInvoker.java:687)
at org.testng.internal.invokers.TestInvoker.invokeTestMethod(TestInvoker.java:230)
at org.testng.internal.invokers.MethodRunner.runInSequence(MethodRunner.java:63)
at org.testng.internal.invokers.TestInvoker$MethodInvocationAgent.invoke(TestInvoker.java:995)
at org.testng.internal.invokers.TestInvoker.invokeTestMethods(TestInvoker.java:203)
at org.testng.internal.invokers.TestMethodWorker.invokeTestMethods(TestMethodWorker.java:154)
at org.testng.internal.invokers.TestMethodWorker.run(TestMethodWorker.java:134)
at java.base/java.util.ArrayList.forEach(ArrayList.java:1597)
at org.testng.TestRunner.privateRun(TestRunner.java:741)
at org.testng.TestRunner.run(TestRunner.java:616)
at org.testng.SuiteRunner.runTest(SuiteRunner.java:421)
at org.testng.SuiteRunner$SuiteWorker.run(SuiteRunner.java:463)
at org.testng.internal.thread.ThreadUtil.lambda$execute$0(ThreadUtil.java:64)
at java.base/java.util.concurrent.FutureTask.run(FutureTask.java:317)
at java.base/java.util.concurrent.ThreadPoolExecutor.runWorker(ThreadPoolExecutor.java:1144)
at java.base/java.util.concurrent.ThreadPoolExecutor$Worker.run(ThreadPoolExecutor.java:642)
at java.base/java.lang.Thread.run(Thread.java:1575)
]]>
            </full-stacktrace>
          </exception> <!-- java.lang.AssertionError -->
          <reporter-output>
          </reporter-output>
        </test-method> <!-- myTest -->
        <test-method is-config="true" signature="tearDown()[pri:0, instance:com.tripgain.roundtriptestscripts.TCRT_04_VerifySearchFunctionalityForRoundTripForDomesticFiveDays@2d2ffcb7]" started-at="2025-07-14T12:21:13 IST" name="tearDown" finished-at="2025-07-14T12:21:13 IST" duration-ms="372" status="PASS">
          <reporter-output>
          </reporter-output>
        </test-method> <!-- tearDown -->
        <test-method is-config="true" signature="launchApplication(java.lang.String,java.lang.reflect.Method,[Ljava.lang.Object;)[pri:0, instance:com.tripgain.roundtriptestscripts.TCRT_04_VerifySearchFunctionalityForRoundTripForDomesticFiveDays@2d2ffcb7]" started-at="2025-07-14T12:21:13 IST" name="launchApplication" finished-at="2025-07-14T12:21:15 IST" duration-ms="1679" status="PASS">
          <params>
            <param index="0">
              <value>
                <![CDATA[chrome]]>
              </value>
            </param>
            <param index="1">
              <value>
                <![CDATA[public void com.tripgain.roundtriptestscripts.TCRT_04_VerifySearchFunctionalityForRoundTripForDomesticFiveDays.myTest(java.util.Map) throws java.lang.InterruptedException,java.io.IOException]]>
              </value>
            </param>
            <param index="2">
              <value>
                <![CDATA[[Ljava.lang.Object;@611889f4]]>
              </value>
            </param>
          </params>
          <reporter-output>
          </reporter-output>
        </test-method> <!-- launchApplication -->
        <test-method signature="myTest(java.util.Map)[pri:0, instance:com.tripgain.roundtriptestscripts.TCRT_04_VerifySearchFunctionalityForRoundTripForDomesticFiveDays@2d2ffcb7]" started-at="2025-07-14T12:21:15 IST" name="myTest" data-provider="sheetBasedData" finished-at="2025-07-14T12:22:22 IST" duration-ms="67263" status="PASS">
          <params>
            <param index="0">
              <value>
                <![CDATA[{Origin=HYD, Destination=MAA, SelectFromViewFlightIndex=1, UserName=testtraveller98@tripgain.com, SelectToFlightIndex=1, URL=https://v3.tripgain.com/login, Reason=Better Flight Time, FairType=Saver, TestRun=, Class=Premium Economy, Adults=1, SelectFromFlightIndex=1, Password=@AM@TGA1$29TN}]]>
              </value>
            </param>
          </params>
          <reporter-output>
          </reporter-output>
        </test-method> <!-- myTest -->
        <test-method is-config="true" signature="tearDown()[pri:0, instance:com.tripgain.roundtriptestscripts.TCRT_04_VerifySearchFunctionalityForRoundTripForDomesticFiveDays@2d2ffcb7]" started-at="2025-07-14T12:22:22 IST" name="tearDown" finished-at="2025-07-14T12:22:23 IST" duration-ms="452" status="PASS">
          <reporter-output>
          </reporter-output>
        </test-method> <!-- tearDown -->
      </class> <!-- com.tripgain.roundtriptestscripts.TCRT_04_VerifySearchFunctionalityForRoundTripForDomesticFiveDays -->
    </test> <!-- test2 -->
  </suite> <!-- Suite -->
</testng-results>
